# JRE version: Java(TM) SE Runtime Environment (9.0+11) (build 9.0.4+11)
# Java VM: Java HotSpot(TM) 64-Bit Server VM (9.0.4+11, mixed mode, tiered, compressed oops, g1 gc, windows-amd64)
Heap:
 garbage-first heap   total 318464K, used 137489K [0x0000000700000000, 0x00000007001009b8, 0x00000007c0000000)
  region size 1024K, 15 young (15360K), 3 survivors (3072K)
 Metaspace       used 86094K, capacity 92725K, committed 93004K, reserved 1130496K
  class space    used 11738K, capacity 12903K, committed 12928K, reserved 1048576K
GC Heap History (10 events):
Event: 3058.882 GC heap before
{Heap before GC invocations=297 (full 9):
 garbage-first heap   total 318464K, used 182858K [0x0000000700000000, 0x00000007001009b8, 0x00000007c0000000)
  region size 1024K, 60 young (61440K), 3 survivors (3072K)
 Metaspace       used 85934K, capacity 92423K, committed 92748K, reserved 1128448K
  class space    used 11704K, capacity 12838K, committed 12928K, reserved 1048576K
}
Event: 3058.893 GC heap after
{Heap after GC invocations=298 (full 9):
 garbage-first heap   total 318464K, used 124886K [0x0000000700000000, 0x00000007001009b8, 0x00000007c0000000)
  region size 1024K, 3 young (3072K), 3 survivors (3072K)
 Metaspace       used 85934K, capacity 92423K, committed 92748K, reserved 1128448K
  class space    used 11704K, capacity 12838K, committed 12928K, reserved 1048576K
}
Event: 3068.795 GC heap before
{Heap before GC invocations=298 (full 9):
 garbage-first heap   total 318464K, used 183254K [0x0000000700000000, 0x00000007001009b8, 0x00000007c0000000)
  region size 1024K, 60 young (61440K), 3 survivors (3072K)
 Metaspace       used 86003K, capacity 92565K, committed 92748K, reserved 1128448K
  class space    used 11722K, capacity 12871K, committed 12928K, reserved 1048576K
}
Event: 3068.811 GC heap after
{Heap after GC invocations=299 (full 9):
 garbage-first heap   total 318464K, used 125881K [0x0000000700000000, 0x00000007001009b8, 0x00000007c0000000)
  region size 1024K, 3 young (3072K), 3 survivors (3072K)
 Metaspace       used 86003K, capacity 92565K, committed 92748K, reserved 1128448K
  class space    used 11722K, capacity 12871K, committed 12928K, reserved 1048576K
}
Event: 3068.943 GC heap before
{Heap before GC invocations=299 (full 9):
 garbage-first heap   total 318464K, used 184249K [0x0000000700000000, 0x00000007001009b8, 0x00000007c0000000)
  region size 1024K, 60 young (61440K), 3 survivors (3072K)
 Metaspace       used 86007K, capacity 92565K, committed 92748K, reserved 1128448K
  class space    used 11723K, capacity 12871K, committed 12928K, reserved 1048576K
}
Event: 3068.956 GC heap after
{Heap after GC invocations=300 (full 9):
 garbage-first heap   total 318464K, used 125238K [0x0000000700000000, 0x00000007001009b8, 0x00000007c0000000)
  region size 1024K, 2 young (2048K), 2 survivors (2048K)
 Metaspace       used 86007K, capacity 92565K, committed 92748K, reserved 1128448K
  class space    used 11723K, capacity 12871K, committed 12928K, reserved 1048576K
}
Event: 3072.710 GC heap before
{Heap before GC invocations=300 (full 9):
 garbage-first heap   total 318464K, used 184630K [0x0000000700000000, 0x00000007001009b8, 0x00000007c0000000)
  region size 1024K, 60 young (61440K), 2 survivors (2048K)
 Metaspace       used 86008K, capacity 92629K, committed 92748K, reserved 1128448K
  class space    used 11723K, capacity 12871K, committed 12928K, reserved 1048576K
}
Event: 3072.720 GC heap after
{Heap after GC invocations=301 (full 9):
 garbage-first heap   total 318464K, used 125350K [0x0000000700000000, 0x00000007001009b8, 0x00000007c0000000)
  region size 1024K, 2 young (2048K), 2 survivors (2048K)
 Metaspace       used 86008K, capacity 92629K, committed 92748K, reserved 1128448K
  class space    used 11723K, capacity 12871K, committed 12928K, reserved 1048576K
}
Event: 3085.690 GC heap before
{Heap before GC invocations=301 (full 9):
 garbage-first heap   total 318464K, used 184742K [0x0000000700000000, 0x00000007001009b8, 0x00000007c0000000)
  region size 1024K, 60 young (61440K), 2 survivors (2048K)
 Metaspace       used 86093K, capacity 92725K, committed 93004K, reserved 1130496K
  class space    used 11738K, capacity 12903K, committed 12928K, reserved 1048576K
}
Event: 3085.705 GC heap after
{Heap after GC invocations=302 (full 9):
 garbage-first heap   total 318464K, used 126225K [0x0000000700000000, 0x00000007001009b8, 0x00000007c0000000)
  region size 1024K, 3 young (3072K), 3 survivors (3072K)
 Metaspace       used 86093K, capacity 92725K, committed 93004K, reserved 1130496K
  class space    used 11738K, capacity 12903K, committed 12928K, reserved 1048576K
}

